# JRE version: OpenJDK Runtime Environment Temurin-11.0.14.1+1 (11.0.14.1+1) (build 11.0.14.1+1)
# Java VM: OpenJDK 64-Bit Server VM Temurin-11.0.14.1+1 (11.0.14.1+1, mixed mode, tiered, compressed oops, g1 gc, windows-amd64)
Heap:
 garbage-first heap   total 262144K, used 116673K [0x0000000700e00000, 0x0000000800000000)
  region size 1024K, 111 young (113664K), 6 survivors (6144K)
 Metaspace       used 24927K, capacity 25473K, committed 25600K, reserved 1073152K
  class space    used 2524K, capacity 2709K, committed 2816K, reserved 1048576K
GC Heap History (6 events):
Event: 2.413 GC heap before
{Heap before GC invocations=0 (full 0):
 garbage-first heap   total 262144K, used 24576K [0x0000000700e00000, 0x0000000800000000)
  region size 1024K, 24 young (24576K), 0 survivors (0K)
 Metaspace       used 13472K, capacity 13668K, committed 13696K, reserved 1060864K
  class space    used 1328K, capacity 1394K, committed 1408K, reserved 1048576K
}
Event: 2.417 GC heap after
{Heap after GC invocations=1 (full 0):
 garbage-first heap   total 262144K, used 3548K [0x0000000700e00000, 0x0000000800000000)
  region size 1024K, 3 young (3072K), 3 survivors (3072K)
 Metaspace       used 13472K, capacity 13668K, committed 13696K, reserved 1060864K
  class space    used 1328K, capacity 1394K, committed 1408K, reserved 1048576K
}
Event: 4.205 GC heap before
{Heap before GC invocations=1 (full 0):
 garbage-first heap   total 262144K, used 23004K [0x0000000700e00000, 0x0000000800000000)
  region size 1024K, 23 young (23552K), 3 survivors (3072K)
 Metaspace       used 20750K, capacity 21094K, committed 21248K, reserved 1069056K
  class space    used 2065K, capacity 2202K, committed 2304K, reserved 1048576K
}
Event: 4.212 GC heap after
{Heap after GC invocations=2 (full 0):
 garbage-first heap   total 262144K, used 6434K [0x0000000700e00000, 0x0000000800000000)
  region size 1024K, 6 young (6144K), 6 survivors (6144K)
 Metaspace       used 20750K, capacity 21094K, committed 21248K, reserved 1069056K
  class space    used 2065K, capacity 2202K, committed 2304K, reserved 1048576K
}
Event: 5.389 GC heap before
{Heap before GC invocations=3 (full 0):
 garbage-first heap   total 262144K, used 47394K [0x0000000700e00000, 0x0000000800000000)
  region size 1024K, 47 young (48128K), 6 survivors (6144K)
 Metaspace       used 24301K, capacity 24788K, committed 24960K, reserved 1071104K
  class space    used 2495K, capacity 2644K, committed 2688K, reserved 1048576K
}
Event: 5.395 GC heap after
{Heap after GC invocations=4 (full 0):
 garbage-first heap   total 262144K, used 10177K [0x0000000700e00000, 0x0000000800000000)
  region size 1024K, 6 young (6144K), 6 survivors (6144K)
 Metaspace       used 24301K, capacity 24788K, committed 24960K, reserved 1071104K
  class space    used 2495K, capacity 2644K, committed 2688K, reserved 1048576K
}

